<?xml version="1.0" encoding="UTF-8"?>
<testng-results skipped="0" failed="0" ignored="0" total="2" passed="2">
  <reporter-output>
  </reporter-output>
  <suite name="Suite" duration-ms="35263" started-at="2021-07-01T11:28:47Z" finished-at="2021-07-01T11:29:23Z">
    <groups>
      <group name="cucumber">
        <method signature="AbstractTestNGCucumberTests.feature(cucumber.api.testng.CucumberFeatureWrapper)[pri:0, instance:TestRunner.TestRunnerForTestng@4f18837a]" name="feature" class="cucumber.api.testng.AbstractTestNGCucumberTests"/>
        <method signature="AbstractTestNGCucumberTests.feature(cucumber.api.testng.CucumberFeatureWrapper)[pri:0, instance:TestRunner.TestRunnerForTestng@38c6f217]" name="feature" class="cucumber.api.testng.AbstractTestNGCucumberTests"/>
      </group> <!-- cucumber -->
    </groups>
    <test name="Test2" duration-ms="34296" started-at="2021-07-01T11:28:47Z" finished-at="2021-07-01T11:29:22Z">
      <class name="TestRunner.TestRunnerForTestng">
        <test-method status="PASS" signature="setUpClass()[pri:0, instance:TestRunner.TestRunnerForTestng@38c6f217]" name="setUpClass" is-config="true" duration-ms="333" started-at="2021-07-01T11:28:47Z" finished-at="2021-07-01T11:28:48Z">
          <reporter-output>
          </reporter-output>
        </test-method> <!-- setUpClass -->
        <test-method status="PASS" signature="feature(cucumber.api.testng.CucumberFeatureWrapper)[pri:0, instance:TestRunner.TestRunnerForTestng@38c6f217]" name="feature" duration-ms="33800" started-at="2021-07-01T11:28:48Z" description="Runs Cucumber Feature" data-provider="features" finished-at="2021-07-01T11:29:22Z">
          <params>
            <param index="0">
              <value>
                <![CDATA[I want to check login functionality in my application]]>
              </value>
            </param>
          </params>
          <reporter-output>
          </reporter-output>
        </test-method> <!-- feature -->
        <test-method status="PASS" signature="tearDownClass()[pri:0, instance:TestRunner.TestRunnerForTestng@38c6f217]" name="tearDownClass" is-config="true" duration-ms="3" started-at="2021-07-01T11:29:22Z" finished-at="2021-07-01T11:29:22Z">
          <reporter-output>
          </reporter-output>
        </test-method> <!-- tearDownClass -->
      </class> <!-- TestRunner.TestRunnerForTestng -->
    </test> <!-- Test2 -->
    <test name="Test1" duration-ms="35263" started-at="2021-07-01T11:28:47Z" finished-at="2021-07-01T11:29:23Z">
      <class name="TestRunner.TestRunnerForTestng">
        <test-method status="PASS" signature="setUpClass()[pri:0, instance:TestRunner.TestRunnerForTestng@4f18837a]" name="setUpClass" is-config="true" duration-ms="344" started-at="2021-07-01T11:28:47Z" finished-at="2021-07-01T11:28:48Z">
          <reporter-output>
          </reporter-output>
        </test-method> <!-- setUpClass -->
        <test-method status="PASS" signature="feature(cucumber.api.testng.CucumberFeatureWrapper)[pri:0, instance:TestRunner.TestRunnerForTestng@4f18837a]" name="feature" duration-ms="34770" started-at="2021-07-01T11:28:48Z" description="Runs Cucumber Feature" data-provider="features" finished-at="2021-07-01T11:29:23Z">
          <params>
            <param index="0">
              <value>
                <![CDATA[I want to check login functionality in my application]]>
              </value>
            </param>
          </params>
          <reporter-output>
          </reporter-output>
        </test-method> <!-- feature -->
        <test-method status="PASS" signature="tearDownClass()[pri:0, instance:TestRunner.TestRunnerForTestng@4f18837a]" name="tearDownClass" is-config="true" duration-ms="3" started-at="2021-07-01T11:29:23Z" finished-at="2021-07-01T11:29:23Z">
          <reporter-output>
          </reporter-output>
        </test-method> <!-- tearDownClass -->
      </class> <!-- TestRunner.TestRunnerForTestng -->
    </test> <!-- Test1 -->
  </suite> <!-- Suite -->
</testng-results>
