<?xml version="1.0" encoding="UTF-8"?>
<testng-results skipped="0" failed="0" ignored="0" total="1" passed="1">
  <reporter-output>
  </reporter-output>
  <suite name="Default suite" duration-ms="33803" started-at="2021-07-01T17:35:51Z" finished-at="2021-07-01T17:36:25Z">
    <groups>
      <group name="cucumber">
        <method signature="AbstractTestNGCucumberTests.feature(cucumber.api.testng.CucumberFeatureWrapper)[pri:0, instance:TestRunner.TestRunnerForTestng@dbf57b3]" name="feature" class="cucumber.api.testng.AbstractTestNGCucumberTests"/>
      </group> <!-- cucumber -->
    </groups>
    <test name="Default test" duration-ms="33803" started-at="2021-07-01T17:35:51Z" finished-at="2021-07-01T17:36:25Z">
      <class name="TestRunner.TestRunnerForTestng">
        <test-method status="PASS" signature="setUpClass()[pri:0, instance:TestRunner.TestRunnerForTestng@dbf57b3]" name="setUpClass" is-config="true" duration-ms="483" started-at="2021-07-01T17:35:51Z" finished-at="2021-07-01T17:35:51Z">
          <reporter-output>
          </reporter-output>
        </test-method> <!-- setUpClass -->
        <test-method status="PASS" signature="feature(cucumber.api.testng.CucumberFeatureWrapper)[pri:0, instance:TestRunner.TestRunnerForTestng@dbf57b3]" name="feature" duration-ms="33187" started-at="2021-07-01T17:35:51Z" description="Runs Cucumber Feature" data-provider="features" finished-at="2021-07-01T17:36:25Z">
          <params>
            <param index="0">
              <value>
                <![CDATA[I want to check login functionality in my application]]>
              </value>
            </param>
          </params>
          <reporter-output>
          </reporter-output>
        </test-method> <!-- feature -->
        <test-method status="PASS" signature="tearDownClass()[pri:0, instance:TestRunner.TestRunnerForTestng@dbf57b3]" name="tearDownClass" is-config="true" duration-ms="4" started-at="2021-07-01T17:36:25Z" finished-at="2021-07-01T17:36:25Z">
          <reporter-output>
          </reporter-output>
        </test-method> <!-- tearDownClass -->
      </class> <!-- TestRunner.TestRunnerForTestng -->
    </test> <!-- Default test -->
  </suite> <!-- Default suite -->
</testng-results>
